<?xml version="1.0" encoding="UTF-8"?>
<!-- Generated by org.testng.reporters.JUnitXMLReporter -->
<testsuite ignored="2" hostname="Sudipas-MacBook-Pro.local" failures="0" tests="1" name="Default test" time="2.662" errors="0" timestamp="27 Nov 2021 15:30:16 GMT">
  <testcase classname="restAPIXML.XMLRequest" name="test3" time="2.642"/>
  <testcase classname="restAPIXML.XMLRequest" name="test2" time="0.0">
    <ignored/>
  </testcase> <!-- test2 -->
  <testcase classname="restAPIXML.XMLRequest" name="test1" time="0.0">
    <ignored/>
  </testcase> <!-- test1 -->
</testsuite> <!-- Default test -->
