<?xml version="1.0" encoding="UTF-8"?>
<testng-results skipped="0" failed="0" ignored="0" total="1" passed="1">
  <reporter-output>
  </reporter-output>
  <suite name="Suite" duration-ms="904" started-at="2021-11-21T17:29:17Z" finished-at="2021-11-21T17:29:18Z">
    <groups>
    </groups>
    <test name="Test" duration-ms="904" started-at="2021-11-21T17:29:17Z" finished-at="2021-11-21T17:29:18Z">
      <class name="RestAPIChaining.EndToEndTest">
        <test-method status="PASS" signature="test1()[pri:0, instance:RestAPIChaining.EndToEndTest@22eeefeb]" name="test1" duration-ms="896" started-at="2021-11-21T17:29:17Z" finished-at="2021-11-21T17:29:18Z">
          <reporter-output>
          </reporter-output>
        </test-method> <!-- test1 -->
      </class> <!-- RestAPIChaining.EndToEndTest -->
    </test> <!-- Test -->
  </suite> <!-- Suite -->
</testng-results>
