<?xml version="1.0" encoding="UTF-8"?>
<testsuite xmlns:xsi="http://www.w3.org/2001/XMLSchema-instance" xsi:noNamespaceSchemaLocation="https://maven.apache.org/surefire/maven-surefire-plugin/xsd/surefire-test-report-3.0.xsd" version="3.0" name="TestSuite" time="1.292" tests="1" errors="0" skipped="0" failures="0">
  <properties>
[...]
</properties>
  <testcase name="test1" classname="RestAPIChaining.EndToEndTest" time="0.898">
    <system-out><![CDATA[[TestNGContentHandler] [WARN] It is strongly recommended to add "<!DOCTYPE suite SYSTEM "http://testng.org/testng-1.0.dtd" >" at the top of your file, otherwise TestNG may fail or not work as expected.
[
  {
    "id": 1,
    "name": "Pankaj",
    "salary": "10000"
  },
  {
    "name": "David",
    "salary": "7000",
    "id": 2
  },
  {
    "name": "Moksha",
    "salary": "10000",
    "id": 3
  },
  {
    "name": "bittu",
    "salary": "7000",
    "id": 4
  },
  {
    "name": "sudipa",
    "salary": "90000",
    "id": 5
  },
  {
    "name": "sriyansh",
    "salary": "4000",
    "id": 9
  },
  {
    "name": "sourav",
    "salary": "7000",
    "id": 10
  },
  {
    "name": "Tom",
    "salary": "6000",
    "id": 11
  },
  {
    "name": "sriyansh1",
    "salary": "4000",
    "id": 12
  },
  {
    "name": "sriyansh1",
    "salary": "4000",
    "id": 13
  },
  {
    "name": "Chris1",
    "salary": "4000",
    "id": 14
  },
  {
    "name": "Chris1",
    "salary": "4000",
    "id": 15
  },
  {
    "name": "Chris1",
    "salary": "4000",
    "id": 16
  }
]
{
  "name": "Chris",
  "salary": "4000",
  "id": 17
}
ID coming from response is: 17
{
  "name": "Chris1",
  "salary": "4000",
  "id": 17
}
{}
]]></system-out>
  </testcase>
</testsuite>