<?xml version="1.0" encoding="UTF-8"?>
<testng-results ignored="2" total="3" passed="1" failed="0" skipped="0">
  <reporter-output>
  </reporter-output>
  <suite started-at="2021-11-27T15:30:13Z" name="Default suite" finished-at="2021-11-27T15:30:16Z" duration-ms="2662">
    <groups>
    </groups>
    <test started-at="2021-11-27T15:30:13Z" name="Default test" finished-at="2021-11-27T15:30:16Z" duration-ms="2662">
      <class name="restAPIXML.XMLRequest">
        <test-method signature="test3()[pri:0, instance:restAPIXML.XMLRequest@20435c40]" started-at="2021-11-27T15:30:13Z" name="test3" finished-at="2021-11-27T15:30:16Z" duration-ms="2642" status="PASS">
          <reporter-output>
          </reporter-output>
        </test-method> <!-- test3 -->
      </class> <!-- restAPIXML.XMLRequest -->
    </test> <!-- Default test -->
  </suite> <!-- Default suite -->
</testng-results>
